kenBurnsView/build/outputs/logs/manifest-merger-debug-report.txt
-- Merging decision tree log ---
manifest
ADDED from Weflyhelperfordriver/kenBurnsView/AndroidManifest.xml:17:1-20:12
INJECTED from Weflyhelperfordriver/kenBurnsView/AndroidManifest.xml:17:1-20:12
INJECTED from Weflyhelperfordriver/kenBurnsView/AndroidManifest.xml:17:1-20:12
	package
		ADDED from Weflyhelperfordriver/kenBurnsView/AndroidManifest.xml:18:5-43
		INJECTED from Weflyhelperfordriver/kenBurnsView/AndroidManifest.xml
		INJECTED from Weflyhelperfordriver/kenBurnsView/AndroidManifest.xml
	xmlns:android
		ADDED from Weflyhelperfordriver/kenBurnsView/AndroidManifest.xml:17:11-69